<?xml version="1.0" encoding="UTF-8"?>
<!-- Generated by org.testng.reporters.JUnitReportReporter -->
<testsuite hostname="DTBLR01LP74" failures="0" tests="1" name="testPkg.Test1Class" time="3.849" errors="0" timestamp="2022-12-16T18:14:49 IST" skipped="0">
  <testcase classname="testPkg.Test1Class" name="LaunchBrowser" time="3.849"/>
  <system-out/>
</testsuite> <!-- testPkg.Test1Class -->
